0 info it worked if it ends with ok
1 verbose cli [ '/usr/local/bin/node',
1 verbose cli   '/usr/local/bin/npm',
1 verbose cli   'install',
1 verbose cli   '-D',
1 verbose cli   'types/phaser' ]
2 info using npm@3.10.3
3 info using node@v6.5.0
4 silly loadCurrentTree Starting
5 silly install loadCurrentTree
6 silly install readLocalPackageData
7 silly fetchPackageMetaData types/phaser
8 silly fetchOtherPackageData types/phaser
9 silly cache add args [ 'types/phaser', null ]
10 verbose cache add spec types/phaser
11 silly cache add parsed spec Result {
11 silly cache add   raw: 'types/phaser',
11 silly cache add   scope: null,
11 silly cache add   escapedName: null,
11 silly cache add   name: null,
11 silly cache add   rawSpec: 'types/phaser',
11 silly cache add   spec: 'github:types/phaser',
11 silly cache add   type: 'hosted',
11 silly cache add   hosted:
11 silly cache add    { type: 'github',
11 silly cache add      ssh: 'git@github.com:types/phaser.git',
11 silly cache add      sshUrl: 'git+ssh://git@github.com/types/phaser.git',
11 silly cache add      httpsUrl: 'git+https://github.com/types/phaser.git',
11 silly cache add      gitUrl: 'git://github.com/types/phaser.git',
11 silly cache add      shortcut: 'github:types/phaser',
11 silly cache add      directUrl: 'https://raw.githubusercontent.com/types/phaser/master/package.json' } }
12 verbose addRemoteGit caching types/phaser
13 verbose addRemoteGit types/phaser is a repository hosted by github
14 silly tryGitProto attempting to clone git://github.com/types/phaser.git
15 silly tryClone cloning types/phaser via git://github.com/types/phaser.git
16 verbose tryClone git-github-com-types-phaser-git-bf31f592 not in flight; caching
17 verbose correctMkdir /Users/setokazuya/.npm/_git-remotes correctMkdir not in flight; initializing
18 verbose makeDirectory /Users/setokazuya/.npm/_git-remotes creation not in flight; initializing
19 silly makeDirectory /Users/setokazuya/.npm/_git-remotes uid: 501 gid: 20
20 info git [ 'clone',
20 info git   '--template=/Users/setokazuya/.npm/_git-remotes/_templates',
20 info git   '--mirror',
20 info git   'git://github.com/types/phaser.git',
20 info git   '/Users/setokazuya/.npm/_git-remotes/git-github-com-types-phaser-git-bf31f592' ]
21 verbose git clone --template=/Users/setokazuya/.npm/_git-remotes/_templates --mirror git://github.com/types/phaser.git /Users/setokazuya/.npm/_git-remotes/git-github-com-types-phaser-git-bf31f592: Cloning into bare repository '/Users/setokazuya/.npm/_git-remotes/git-github-com-types-phaser-git-bf31f592'...
21 verbose git clone --template=/Users/setokazuya/.npm/_git-remotes/_templates --mirror git://github.com/types/phaser.git /Users/setokazuya/.npm/_git-remotes/git-github-com-types-phaser-git-bf31f592: fatal: remote error:
21 verbose git clone --template=/Users/setokazuya/.npm/_git-remotes/_templates --mirror git://github.com/types/phaser.git /Users/setokazuya/.npm/_git-remotes/git-github-com-types-phaser-git-bf31f592:   Repository not found.
22 silly tryHTTPS attempting to clone git+https://github.com/types/phaser.git
23 silly tryClone cloning types/phaser via git+https://github.com/types/phaser.git
24 verbose tryClone git-https-github-com-types-phaser-git-3d8a1101 not in flight; caching
25 verbose correctMkdir /Users/setokazuya/.npm/_git-remotes correctMkdir not in flight; initializing
26 info git [ 'clone',
26 info git   '--template=/Users/setokazuya/.npm/_git-remotes/_templates',
26 info git   '--mirror',
26 info git   'https://github.com/types/phaser.git',
26 info git   '/Users/setokazuya/.npm/_git-remotes/git-https-github-com-types-phaser-git-3d8a1101' ]
27 verbose git clone --template=/Users/setokazuya/.npm/_git-remotes/_templates --mirror https://github.com/types/phaser.git /Users/setokazuya/.npm/_git-remotes/git-https-github-com-types-phaser-git-3d8a1101: Cloning into bare repository '/Users/setokazuya/.npm/_git-remotes/git-https-github-com-types-phaser-git-3d8a1101'...
27 verbose git clone --template=/Users/setokazuya/.npm/_git-remotes/_templates --mirror https://github.com/types/phaser.git /Users/setokazuya/.npm/_git-remotes/git-https-github-com-types-phaser-git-3d8a1101: remote: Invalid username or password.
27 verbose git clone --template=/Users/setokazuya/.npm/_git-remotes/_templates --mirror https://github.com/types/phaser.git /Users/setokazuya/.npm/_git-remotes/git-https-github-com-types-phaser-git-3d8a1101: fatal: Authentication failed for 'https://github.com/types/phaser.git/'
28 silly trySSH attempting to clone git@github.com:types/phaser.git
29 silly tryClone cloning types/phaser via git@github.com:types/phaser.git
30 verbose tryClone git-github-com-types-phaser-git-a7c11de2 not in flight; caching
31 verbose correctMkdir /Users/setokazuya/.npm/_git-remotes correctMkdir not in flight; initializing
32 info git [ 'clone',
32 info git   '--template=/Users/setokazuya/.npm/_git-remotes/_templates',
32 info git   '--mirror',
32 info git   'git@github.com:types/phaser.git',
32 info git   '/Users/setokazuya/.npm/_git-remotes/git-github-com-types-phaser-git-a7c11de2' ]
33 error git clone --template=/Users/setokazuya/.npm/_git-remotes/_templates --mirror git@github.com:types/phaser.git /Users/setokazuya/.npm/_git-remotes/git-github-com-types-phaser-git-a7c11de2: Cloning into bare repository '/Users/setokazuya/.npm/_git-remotes/git-github-com-types-phaser-git-a7c11de2'...
33 error git clone --template=/Users/setokazuya/.npm/_git-remotes/_templates --mirror git@github.com:types/phaser.git /Users/setokazuya/.npm/_git-remotes/git-github-com-types-phaser-git-a7c11de2: Permission denied (publickey).
33 error git clone --template=/Users/setokazuya/.npm/_git-remotes/_templates --mirror git@github.com:types/phaser.git /Users/setokazuya/.npm/_git-remotes/git-github-com-types-phaser-git-a7c11de2: fatal: Could not read from remote repository.
33 error git clone --template=/Users/setokazuya/.npm/_git-remotes/_templates --mirror git@github.com:types/phaser.git /Users/setokazuya/.npm/_git-remotes/git-github-com-types-phaser-git-a7c11de2:
33 error git clone --template=/Users/setokazuya/.npm/_git-remotes/_templates --mirror git@github.com:types/phaser.git /Users/setokazuya/.npm/_git-remotes/git-github-com-types-phaser-git-a7c11de2: Please make sure you have the correct access rights
33 error git clone --template=/Users/setokazuya/.npm/_git-remotes/_templates --mirror git@github.com:types/phaser.git /Users/setokazuya/.npm/_git-remotes/git-github-com-types-phaser-git-a7c11de2: and the repository exists.
34 silly fetchPackageMetaData Error: Command failed: git clone --template=/Users/setokazuya/.npm/_git-remotes/_templates --mirror git@github.com:types/phaser.git /Users/setokazuya/.npm/_git-remotes/git-github-com-types-phaser-git-a7c11de2
34 silly fetchPackageMetaData Cloning into bare repository '/Users/setokazuya/.npm/_git-remotes/git-github-com-types-phaser-git-a7c11de2'...
34 silly fetchPackageMetaData Permission denied (publickey).
34 silly fetchPackageMetaData fatal: Could not read from remote repository.
34 silly fetchPackageMetaData
34 silly fetchPackageMetaData Please make sure you have the correct access rights
34 silly fetchPackageMetaData and the repository exists.
34 silly fetchPackageMetaData
34 silly fetchPackageMetaData     at ChildProcess.exithandler (child_process.js:206:12)
34 silly fetchPackageMetaData     at emitTwo (events.js:106:13)
34 silly fetchPackageMetaData     at ChildProcess.emit (events.js:191:7)
34 silly fetchPackageMetaData     at maybeClose (internal/child_process.js:877:16)
34 silly fetchPackageMetaData     at Socket.<anonymous> (internal/child_process.js:334:11)
34 silly fetchPackageMetaData     at emitOne (events.js:96:13)
34 silly fetchPackageMetaData     at Socket.emit (events.js:188:7)
34 silly fetchPackageMetaData     at Pipe._handle.close [as _onclose] (net.js:493:12)
34 silly fetchPackageMetaData  error for types/phaser { Error: Command failed: git clone --template=/Users/setokazuya/.npm/_git-remotes/_templates --mirror git@github.com:types/phaser.git /Users/setokazuya/.npm/_git-remotes/git-github-com-types-phaser-git-a7c11de2
34 silly fetchPackageMetaData Cloning into bare repository '/Users/setokazuya/.npm/_git-remotes/git-github-com-types-phaser-git-a7c11de2'...
34 silly fetchPackageMetaData Permission denied (publickey).
34 silly fetchPackageMetaData fatal: Could not read from remote repository.
34 silly fetchPackageMetaData
34 silly fetchPackageMetaData Please make sure you have the correct access rights
34 silly fetchPackageMetaData and the repository exists.
34 silly fetchPackageMetaData
34 silly fetchPackageMetaData     at ChildProcess.exithandler (child_process.js:206:12)
34 silly fetchPackageMetaData     at emitTwo (events.js:106:13)
34 silly fetchPackageMetaData     at ChildProcess.emit (events.js:191:7)
34 silly fetchPackageMetaData     at maybeClose (internal/child_process.js:877:16)
34 silly fetchPackageMetaData     at Socket.<anonymous> (internal/child_process.js:334:11)
34 silly fetchPackageMetaData     at emitOne (events.js:96:13)
34 silly fetchPackageMetaData     at Socket.emit (events.js:188:7)
34 silly fetchPackageMetaData     at Pipe._handle.close [as _onclose] (net.js:493:12)
34 silly fetchPackageMetaData   killed: false,
34 silly fetchPackageMetaData   code: 128,
34 silly fetchPackageMetaData   signal: null,
34 silly fetchPackageMetaData   cmd: 'git clone --template=/Users/setokazuya/.npm/_git-remotes/_templates --mirror git@github.com:types/phaser.git /Users/setokazuya/.npm/_git-remotes/git-github-com-types-phaser-git-a7c11de2' }
35 silly rollbackFailedOptional Starting
36 silly rollbackFailedOptional Finishing
37 silly runTopLevelLifecycles Starting
38 silly runTopLevelLifecycles Finishing
39 silly install printInstalled
40 verbose stack Error: Command failed: git clone --template=/Users/setokazuya/.npm/_git-remotes/_templates --mirror git@github.com:types/phaser.git /Users/setokazuya/.npm/_git-remotes/git-github-com-types-phaser-git-a7c11de2
40 verbose stack Cloning into bare repository '/Users/setokazuya/.npm/_git-remotes/git-github-com-types-phaser-git-a7c11de2'...
40 verbose stack Permission denied (publickey).
40 verbose stack fatal: Could not read from remote repository.
40 verbose stack
40 verbose stack Please make sure you have the correct access rights
40 verbose stack and the repository exists.
40 verbose stack
40 verbose stack     at ChildProcess.exithandler (child_process.js:206:12)
40 verbose stack     at emitTwo (events.js:106:13)
40 verbose stack     at ChildProcess.emit (events.js:191:7)
40 verbose stack     at maybeClose (internal/child_process.js:877:16)
40 verbose stack     at Socket.<anonymous> (internal/child_process.js:334:11)
40 verbose stack     at emitOne (events.js:96:13)
40 verbose stack     at Socket.emit (events.js:188:7)
40 verbose stack     at Pipe._handle.close [as _onclose] (net.js:493:12)
41 verbose cwd /Users/setokazuya/Projects/10_website/github_my_site/KazuyaSeto.github.io
42 error Darwin 16.7.0
43 error argv "/usr/local/bin/node" "/usr/local/bin/npm" "install" "-D" "types/phaser"
44 error node v6.5.0
45 error npm  v3.10.3
46 error code 128
47 error Command failed: git clone --template=/Users/setokazuya/.npm/_git-remotes/_templates --mirror git@github.com:types/phaser.git /Users/setokazuya/.npm/_git-remotes/git-github-com-types-phaser-git-a7c11de2
47 error Cloning into bare repository '/Users/setokazuya/.npm/_git-remotes/git-github-com-types-phaser-git-a7c11de2'...
47 error Permission denied (publickey).
47 error fatal: Could not read from remote repository.
47 error
47 error Please make sure you have the correct access rights
47 error and the repository exists.
48 error If you need help, you may report this error at:
48 error     <https://github.com/npm/npm/issues>
49 verbose exit [ 1, true ]
